<?xml version="1.0" encoding="UTF-8"?>
<testng-results ignored="0" total="2" passed="2" failed="0" skipped="0">
  <reporter-output>
  </reporter-output>
  <suite started-at="2024-01-15T17:46:48 CST" name="Default suite" finished-at="2024-01-15T17:47:53 CST" duration-ms="64651">
    <groups>
    </groups>
    <test started-at="2024-01-15T17:46:48 CST" name="Default test" finished-at="2024-01-15T17:47:53 CST" duration-ms="64651">
      <class name="exercise.DataProviderClass">
        <test-method signature="loginData(java.lang.String,java.lang.String)[pri:0, instance:exercise.DataProviderClass@1f2586d6]" started-at="2024-01-15T17:46:48 CST" name="loginData" data-provider="loginTestData" finished-at="2024-01-15T17:47:30 CST" duration-ms="42093" status="PASS">
          <params>
            <param index="0">
              <value>
                <![CDATA[Admin]]>
              </value>
            </param>
            <param index="1">
              <value>
                <![CDATA[admin123]]>
              </value>
            </param>
          </params>
          <reporter-output>
          </reporter-output>
        </test-method> <!-- loginData -->
        <test-method signature="loginData(java.lang.String,java.lang.String)[pri:0, instance:exercise.DataProviderClass@1f2586d6]" started-at="2024-01-15T17:47:30 CST" name="loginData" data-provider="loginTestData" finished-at="2024-01-15T17:47:53 CST" duration-ms="22489" status="PASS">
          <params>
            <param index="0">
              <value>
                <![CDATA[amin]]>
              </value>
            </param>
            <param index="1">
              <value>
                <![CDATA[123]]>
              </value>
            </param>
          </params>
          <reporter-output>
          </reporter-output>
        </test-method> <!-- loginData -->
      </class> <!-- exercise.DataProviderClass -->
    </test> <!-- Default test -->
  </suite> <!-- Default suite -->
</testng-results>
